Determining if the pthread_create exist failed with the following output:
Change Dir: /home/hrigroup2/mrtele_ws/build/franka_msgs/CMakeFiles/CMakeTmp

Run Build Command:"/usr/bin/make" "cmTC_93e0e/fast"
/usr/bin/make -f CMakeFiles/cmTC_93e0e.dir/build.make CMakeFiles/cmTC_93e0e.dir/build
make[1]: Entering directory '/home/hrigroup2/mrtele_ws/build/franka_msgs/CMakeFiles/CMakeTmp'
Building C object CMakeFiles/cmTC_93e0e.dir/CheckSymbolExists.c.o
/usr/bin/cc    -o CMakeFiles/cmTC_93e0e.dir/CheckSymbolExists.c.o   -c /home/hrigroup2/mrtele_ws/build/franka_msgs/CMakeFiles/CMakeTmp/CheckSymbolExists.c
Linking C executable cmTC_93e0e
/usr/bin/cmake -E cmake_link_script CMakeFiles/cmTC_93e0e.dir/link.txt --verbose=1
/usr/bin/cc      -rdynamic CMakeFiles/cmTC_93e0e.dir/CheckSymbolExists.c.o  -o cmTC_93e0e 
CMakeFiles/cmTC_93e0e.dir/CheckSymbolExists.c.o: In function `main':
CheckSymbolExists.c:(.text+0x1b): undefined reference to `pthread_create'
collect2: error: ld returned 1 exit status
CMakeFiles/cmTC_93e0e.dir/build.make:97: recipe for target 'cmTC_93e0e' failed
make[1]: *** [cmTC_93e0e] Error 1
make[1]: Leaving directory '/home/hrigroup2/mrtele_ws/build/franka_msgs/CMakeFiles/CMakeTmp'
Makefile:126: recipe for target 'cmTC_93e0e/fast' failed
make: *** [cmTC_93e0e/fast] Error 2

File /home/hrigroup2/mrtele_ws/build/franka_msgs/CMakeFiles/CMakeTmp/CheckSymbolExists.c:
/* */
#include <pthread.h>

int main(int argc, char** argv)
{
  (void)argv;
#ifndef pthread_create
  return ((int*)(&pthread_create))[argc];
#else
  (void)argc;
  return 0;
#endif
}

Determining if the function pthread_create exists in the pthreads failed with the following output:
Change Dir: /home/hrigroup2/mrtele_ws/build/franka_msgs/CMakeFiles/CMakeTmp

Run Build Command:"/usr/bin/make" "cmTC_03d88/fast"
/usr/bin/make -f CMakeFiles/cmTC_03d88.dir/build.make CMakeFiles/cmTC_03d88.dir/build
make[1]: Entering directory '/home/hrigroup2/mrtele_ws/build/franka_msgs/CMakeFiles/CMakeTmp'
Building C object CMakeFiles/cmTC_03d88.dir/CheckFunctionExists.c.o
/usr/bin/cc   -DCHECK_FUNCTION_EXISTS=pthread_create   -o CMakeFiles/cmTC_03d88.dir/CheckFunctionExists.c.o   -c /usr/share/cmake-3.10/Modules/CheckFunctionExists.c
Linking C executable cmTC_03d88
/usr/bin/cmake -E cmake_link_script CMakeFiles/cmTC_03d88.dir/link.txt --verbose=1
/usr/bin/cc  -DCHECK_FUNCTION_EXISTS=pthread_create    -rdynamic CMakeFiles/cmTC_03d88.dir/CheckFunctionExists.c.o  -o cmTC_03d88 -lpthreads 
/usr/bin/ld: cannot find -lpthreads
collect2: error: ld returned 1 exit status
CMakeFiles/cmTC_03d88.dir/build.make:97: recipe for target 'cmTC_03d88' failed
make[1]: *** [cmTC_03d88] Error 1
make[1]: Leaving directory '/home/hrigroup2/mrtele_ws/build/franka_msgs/CMakeFiles/CMakeTmp'
Makefile:126: recipe for target 'cmTC_03d88/fast' failed
make: *** [cmTC_03d88/fast] Error 2


