Determining if the pthread_create exist failed with the following output:
Change Dir: /home/hrigroup2/mrtele_ws/build/unity_robotics_demo/CMakeFiles/CMakeTmp

Run Build Command:"/usr/bin/make" "cmTC_b75bd/fast"
/usr/bin/make -f CMakeFiles/cmTC_b75bd.dir/build.make CMakeFiles/cmTC_b75bd.dir/build
make[1]: Entering directory '/home/hrigroup2/mrtele_ws/build/unity_robotics_demo/CMakeFiles/CMakeTmp'
Building C object CMakeFiles/cmTC_b75bd.dir/CheckSymbolExists.c.o
/usr/bin/cc    -o CMakeFiles/cmTC_b75bd.dir/CheckSymbolExists.c.o   -c /home/hrigroup2/mrtele_ws/build/unity_robotics_demo/CMakeFiles/CMakeTmp/CheckSymbolExists.c
Linking C executable cmTC_b75bd
/usr/bin/cmake -E cmake_link_script CMakeFiles/cmTC_b75bd.dir/link.txt --verbose=1
/usr/bin/cc      -rdynamic CMakeFiles/cmTC_b75bd.dir/CheckSymbolExists.c.o  -o cmTC_b75bd 
CMakeFiles/cmTC_b75bd.dir/CheckSymbolExists.c.o: In function `main':
CheckSymbolExists.c:(.text+0x1b): undefined reference to `pthread_create'
collect2: error: ld returned 1 exit status
CMakeFiles/cmTC_b75bd.dir/build.make:97: recipe for target 'cmTC_b75bd' failed
make[1]: *** [cmTC_b75bd] Error 1
make[1]: Leaving directory '/home/hrigroup2/mrtele_ws/build/unity_robotics_demo/CMakeFiles/CMakeTmp'
Makefile:126: recipe for target 'cmTC_b75bd/fast' failed
make: *** [cmTC_b75bd/fast] Error 2

File /home/hrigroup2/mrtele_ws/build/unity_robotics_demo/CMakeFiles/CMakeTmp/CheckSymbolExists.c:
/* */
#include <pthread.h>

int main(int argc, char** argv)
{
  (void)argv;
#ifndef pthread_create
  return ((int*)(&pthread_create))[argc];
#else
  (void)argc;
  return 0;
#endif
}

Determining if the function pthread_create exists in the pthreads failed with the following output:
Change Dir: /home/hrigroup2/mrtele_ws/build/unity_robotics_demo/CMakeFiles/CMakeTmp

Run Build Command:"/usr/bin/make" "cmTC_099b8/fast"
/usr/bin/make -f CMakeFiles/cmTC_099b8.dir/build.make CMakeFiles/cmTC_099b8.dir/build
make[1]: Entering directory '/home/hrigroup2/mrtele_ws/build/unity_robotics_demo/CMakeFiles/CMakeTmp'
Building C object CMakeFiles/cmTC_099b8.dir/CheckFunctionExists.c.o
/usr/bin/cc   -DCHECK_FUNCTION_EXISTS=pthread_create   -o CMakeFiles/cmTC_099b8.dir/CheckFunctionExists.c.o   -c /usr/share/cmake-3.10/Modules/CheckFunctionExists.c
Linking C executable cmTC_099b8
/usr/bin/cmake -E cmake_link_script CMakeFiles/cmTC_099b8.dir/link.txt --verbose=1
/usr/bin/cc  -DCHECK_FUNCTION_EXISTS=pthread_create    -rdynamic CMakeFiles/cmTC_099b8.dir/CheckFunctionExists.c.o  -o cmTC_099b8 -lpthreads 
/usr/bin/ld: cannot find -lpthreads
collect2: error: ld returned 1 exit status
CMakeFiles/cmTC_099b8.dir/build.make:97: recipe for target 'cmTC_099b8' failed
make[1]: *** [cmTC_099b8] Error 1
make[1]: Leaving directory '/home/hrigroup2/mrtele_ws/build/unity_robotics_demo/CMakeFiles/CMakeTmp'
Makefile:126: recipe for target 'cmTC_099b8/fast' failed
make: *** [cmTC_099b8/fast] Error 2


