[33m[1mCMake Warning[0m at /home/hrigroup2/mrtele_ws/src/franka_ros/franka_hw/CMakeLists.txt:39 (add_library):
  Cannot generate a safe runtime search path for target franka_hw because
  files in some directories may conflict with libraries in implicit
  directories:

    runtime library [libfranka.so.0.7] in /usr/lib may be hidden by files in:
      /opt/ros/melodic/lib

  Some of these libraries may not be found correctly.


[33m[1mCMake Warning[0m at /home/hrigroup2/mrtele_ws/src/franka_ros/franka_hw/CMakeLists.txt:68 (add_library):
  Cannot generate a safe runtime search path for target
  franka_control_services because files in some directories may conflict with
  libraries in implicit directories:

    runtime library [libfranka.so.0.7] in /usr/lib may be hidden by files in:
      /opt/ros/melodic/lib

  Some of these libraries may not be found correctly.


[33m[1mCMake Warning[0m at /opt/ros/melodic/share/rostest/cmake/rostest-extras.cmake:75 (add_executable):
  Cannot generate a safe runtime search path for target franka_hw_test
  because files in some directories may conflict with libraries in implicit
  directories:

    runtime library [libfranka.so.0.7] in /usr/lib may be hidden by files in:
      /opt/ros/melodic/lib

  Some of these libraries may not be found correctly.
[36mCall Stack (most recent call first):[0m
  /opt/ros/melodic/share/rostest/cmake/rostest-extras.cmake:100 (_add_rostest_google_test)
  test/CMakeLists.txt:3 (add_rostest_gtest)


