Not searching for unused variables given on the command line.
[36m--[0m The C compiler identification is GNU 7.5.0
[36m--[0m The CXX compiler identification is GNU 7.5.0
[36m--[0m Check for working C compiler: /usr/bin/cc
[36m--[0m Check for working C compiler: /usr/bin/cc -- works
[36m--[0m Detecting C compiler ABI info
[36m--[0m Detecting C compiler ABI info - done
[36m--[0m Detecting C compile features
[36m--[0m Detecting C compile features - done
[36m--[0m Check for working CXX compiler: /usr/bin/c++
[36m--[0m Check for working CXX compiler: /usr/bin/c++ -- works
[36m--[0m Detecting CXX compiler ABI info
[36m--[0m Detecting CXX compiler ABI info - done
[36m--[0m Detecting CXX compile features
[36m--[0m Detecting CXX compile features - done
[36m--[0m Using CATKIN_DEVEL_PREFIX: /home/hrigroup2/mrtele_ws/devel/.private/franka_hw
[36m--[0m Using CMAKE_PREFIX_PATH: /home/hrigroup2/mrtele_ws/devel;/home/hrigroup2/caitlin_ws/devel;/opt/ros/melodic
[36m--[0m This workspace overlays: /home/hrigroup2/mrtele_ws/devel;/home/hrigroup2/caitlin_ws/devel;/opt/ros/melodic
[36m--[0m Found PythonInterp: /usr/bin/python2 (found suitable version "2.7.17", minimum required is "2")
[36m--[0m Using PYTHON_EXECUTABLE: /usr/bin/python2
[36m--[0m Using Debian Python package layout
[36m--[0m Using empy: /usr/bin/empy
[36m--[0m Using CATKIN_ENABLE_TESTING: ON
[36m--[0m Call enable_testing()
[36m--[0m Using CATKIN_TEST_RESULTS_DIR: /home/hrigroup2/mrtele_ws/build/franka_hw/test_results
[36m--[0m Found gtest sources under '/usr/src/googletest': gtests will be built
[36m--[0m Found gmock sources under '/usr/src/googletest': gmock will be built
[36m--[0m Found PythonInterp: /usr/bin/python2 (found version "2.7.17")
[36m--[0m Looking for pthread.h
[36m--[0m Looking for pthread.h - found
[36m--[0m Looking for pthread_create
[36m--[0m Looking for pthread_create - not found
[36m--[0m Looking for pthread_create in pthreads
[36m--[0m Looking for pthread_create in pthreads - not found
[36m--[0m Looking for pthread_create in pthread
[36m--[0m Looking for pthread_create in pthread - found
[36m--[0m Found Threads: TRUE
[36m--[0m Using Python nosetests: /usr/bin/nosetests-2.7
[36m--[0m catkin 0.7.29
[36m--[0m BUILD_SHARED_LIBS is on
[36m--[0m Using these message generators: gencpp;geneus;genlisp;gennodejs;genpy
[36m--[0m Check if compiler accepts -pthread
[36m--[0m Check if compiler accepts -pthread - yes
[36m--[0m Configuring done
[33m[1mCMake Warning[0m at /home/hrigroup2/mrtele_ws/src/franka_ros/franka_hw/CMakeLists.txt:39 (add_library):
  Cannot generate a safe runtime search path for target franka_hw because
  files in some directories may conflict with libraries in implicit
  directories:

    runtime library [libfranka.so.0.7] in /usr/lib may be hidden by files in:
      /opt/ros/melodic/lib

  Some of these libraries may not be found correctly.


[33m[1mCMake Warning[0m at /home/hrigroup2/mrtele_ws/src/franka_ros/franka_hw/CMakeLists.txt:68 (add_library):
  Cannot generate a safe runtime search path for target
  franka_control_services because files in some directories may conflict with
  libraries in implicit directories:

    runtime library [libfranka.so.0.7] in /usr/lib may be hidden by files in:
      /opt/ros/melodic/lib

  Some of these libraries may not be found correctly.


[33m[1mCMake Warning[0m at /opt/ros/melodic/share/rostest/cmake/rostest-extras.cmake:75 (add_executable):
  Cannot generate a safe runtime search path for target franka_hw_test
  because files in some directories may conflict with libraries in implicit
  directories:

    runtime library [libfranka.so.0.7] in /usr/lib may be hidden by files in:
      /opt/ros/melodic/lib

  Some of these libraries may not be found correctly.
[36mCall Stack (most recent call first):[0m
  /opt/ros/melodic/share/rostest/cmake/rostest-extras.cmake:100 (_add_rostest_google_test)
  test/CMakeLists.txt:3 (add_rostest_gtest)


[36m--[0m Generating done
[36m--[0m Build files have been written to: /home/hrigroup2/mrtele_ws/build/franka_hw
