Determining if the pthread_create exist failed with the following output:
Change Dir: /home/hrigroup2/mrtele_ws/build/unity_robotics_demo_msgs/CMakeFiles/CMakeTmp

Run Build Command:"/usr/bin/make" "cmTC_f2256/fast"
/usr/bin/make -f CMakeFiles/cmTC_f2256.dir/build.make CMakeFiles/cmTC_f2256.dir/build
make[1]: Entering directory '/home/hrigroup2/mrtele_ws/build/unity_robotics_demo_msgs/CMakeFiles/CMakeTmp'
Building C object CMakeFiles/cmTC_f2256.dir/CheckSymbolExists.c.o
/usr/bin/cc    -o CMakeFiles/cmTC_f2256.dir/CheckSymbolExists.c.o   -c /home/hrigroup2/mrtele_ws/build/unity_robotics_demo_msgs/CMakeFiles/CMakeTmp/CheckSymbolExists.c
Linking C executable cmTC_f2256
/usr/bin/cmake -E cmake_link_script CMakeFiles/cmTC_f2256.dir/link.txt --verbose=1
/usr/bin/cc      -rdynamic CMakeFiles/cmTC_f2256.dir/CheckSymbolExists.c.o  -o cmTC_f2256 
CMakeFiles/cmTC_f2256.dir/CheckSymbolExists.c.o: In function `main':
CheckSymbolExists.c:(.text+0x1b): undefined reference to `pthread_create'
collect2: error: ld returned 1 exit status
CMakeFiles/cmTC_f2256.dir/build.make:97: recipe for target 'cmTC_f2256' failed
make[1]: *** [cmTC_f2256] Error 1
make[1]: Leaving directory '/home/hrigroup2/mrtele_ws/build/unity_robotics_demo_msgs/CMakeFiles/CMakeTmp'
Makefile:126: recipe for target 'cmTC_f2256/fast' failed
make: *** [cmTC_f2256/fast] Error 2

File /home/hrigroup2/mrtele_ws/build/unity_robotics_demo_msgs/CMakeFiles/CMakeTmp/CheckSymbolExists.c:
/* */
#include <pthread.h>

int main(int argc, char** argv)
{
  (void)argv;
#ifndef pthread_create
  return ((int*)(&pthread_create))[argc];
#else
  (void)argc;
  return 0;
#endif
}

Determining if the function pthread_create exists in the pthreads failed with the following output:
Change Dir: /home/hrigroup2/mrtele_ws/build/unity_robotics_demo_msgs/CMakeFiles/CMakeTmp

Run Build Command:"/usr/bin/make" "cmTC_72d2e/fast"
/usr/bin/make -f CMakeFiles/cmTC_72d2e.dir/build.make CMakeFiles/cmTC_72d2e.dir/build
make[1]: Entering directory '/home/hrigroup2/mrtele_ws/build/unity_robotics_demo_msgs/CMakeFiles/CMakeTmp'
Building C object CMakeFiles/cmTC_72d2e.dir/CheckFunctionExists.c.o
/usr/bin/cc   -DCHECK_FUNCTION_EXISTS=pthread_create   -o CMakeFiles/cmTC_72d2e.dir/CheckFunctionExists.c.o   -c /usr/share/cmake-3.10/Modules/CheckFunctionExists.c
Linking C executable cmTC_72d2e
/usr/bin/cmake -E cmake_link_script CMakeFiles/cmTC_72d2e.dir/link.txt --verbose=1
/usr/bin/cc  -DCHECK_FUNCTION_EXISTS=pthread_create    -rdynamic CMakeFiles/cmTC_72d2e.dir/CheckFunctionExists.c.o  -o cmTC_72d2e -lpthreads 
/usr/bin/ld: cannot find -lpthreads
collect2: error: ld returned 1 exit status
CMakeFiles/cmTC_72d2e.dir/build.make:97: recipe for target 'cmTC_72d2e' failed
make[1]: *** [cmTC_72d2e] Error 1
make[1]: Leaving directory '/home/hrigroup2/mrtele_ws/build/unity_robotics_demo_msgs/CMakeFiles/CMakeTmp'
Makefile:126: recipe for target 'cmTC_72d2e/fast' failed
make: *** [cmTC_72d2e/fast] Error 2


