[  0%] Built target geometry_msgs_generate_messages_cpp
[  0%] Built target std_msgs_generate_messages_cpp
[  0%] Built target sensor_msgs_generate_messages_cpp
[  0%] Built target _niryo_moveit_generate_messages_check_deps_MoverService
[  0%] Built target moveit_msgs_generate_messages_cpp
[  0%] Built target _niryo_moveit_generate_messages_check_deps_NiryoTrajectory
[  0%] Built target _niryo_moveit_generate_messages_check_deps_NiryoMoveitJoints
[  0%] Built target moveit_msgs_generate_messages_py
[  0%] Built target sensor_msgs_generate_messages_py
[  0%] Built target geometry_msgs_generate_messages_py
[  0%] Built target std_msgs_generate_messages_py
[  0%] Built target geometry_msgs_generate_messages_nodejs
[  0%] Built target sensor_msgs_generate_messages_nodejs
[  0%] Built target moveit_msgs_generate_messages_lisp
[  0%] Built target moveit_msgs_generate_messages_nodejs
[  0%] Built target sensor_msgs_generate_messages_lisp
[  0%] Built target std_msgs_generate_messages_nodejs
[  0%] Built target geometry_msgs_generate_messages_lisp
[  0%] Built target std_msgs_generate_messages_lisp
[  0%] Built target std_msgs_generate_messages_eus
[  0%] Built target geometry_msgs_generate_messages_eus
[  0%] Built target moveit_msgs_generate_messages_eus
[  0%] Built target sensor_msgs_generate_messages_eus
[ 16%] Built target niryo_moveit_generate_messages_cpp
[ 44%] Built target niryo_moveit_generate_messages_py
[ 61%] Built target niryo_moveit_generate_messages_nodejs
[ 77%] Built target niryo_moveit_generate_messages_lisp
[100%] Built target niryo_moveit_generate_messages_eus
[100%] Built target niryo_moveit_generate_messages
