[  0%] Built target std_msgs_generate_messages_cpp
[  0%] Built target _niryo_moveit_generate_messages_check_deps_MoverService
[  0%] Built target _niryo_moveit_generate_messages_check_deps_NiryoMoveitJoints
[  0%] Built target geometry_msgs_generate_messages_cpp
[  0%] Built target moveit_msgs_generate_messages_cpp
[  0%] Built target sensor_msgs_generate_messages_cpp
[  0%] Built target moveit_msgs_generate_messages_py
[  0%] Built target sensor_msgs_generate_messages_py
[  0%] Built target std_msgs_generate_messages_py
[  0%] Built target _niryo_moveit_generate_messages_check_deps_NiryoTrajectory
[  0%] Built target geometry_msgs_generate_messages_py
[  0%] Built target geometry_msgs_generate_messages_nodejs
[  0%] Built target std_msgs_generate_messages_nodejs
[  0%] Built target sensor_msgs_generate_messages_nodejs
[  0%] Built target moveit_msgs_generate_messages_nodejs
[  0%] Built target sensor_msgs_generate_messages_lisp
[  0%] Built target moveit_msgs_generate_messages_lisp
[  0%] Built target geometry_msgs_generate_messages_lisp
[  0%] Built target std_msgs_generate_messages_lisp
[  0%] Built target std_msgs_generate_messages_eus
[  0%] Built target geometry_msgs_generate_messages_eus
[  0%] Built target moveit_msgs_generate_messages_eus
[  0%] Built target sensor_msgs_generate_messages_eus
[ 27%] Built target niryo_moveit_generate_messages_py
[ 44%] Built target niryo_moveit_generate_messages_cpp
[ 66%] Built target niryo_moveit_generate_messages_eus
[ 88%] Built target niryo_moveit_generate_messages_nodejs
[100%] Built target niryo_moveit_generate_messages_lisp
[100%] Built target niryo_moveit_generate_messages
